Enter word or sentence (EXIT to break): epsilon

Word: epsilon  Position in vocabulary: 94

                                              Word       Cosine distance
------------------------------------------------------------------------
                                      empty_string		0.918165
                                                or		0.898674
                                                 j		0.898162
                                      concatenated		0.864092
                                             arrow		0.861911
                                          positive		0.855723
                                             union		0.846648
                                          included		0.844348
                                   epsilon_closure		0.843122
                                           subsets		0.830556
                                             equal		0.830471
                                             alpha		0.826168
                                          exponent		0.817672
                                            inputs		0.814941
                                            digits		0.812870
                                         terminals		0.809411
                                    configurations		0.802079
                               contextfree_grammar		0.800842
                                        conditions		0.799178
                                        alpha_beta		0.797200
                                               see		0.794434
                                     token_classes		0.794351
                                  nondeterministic		0.793827
                                            unique		0.792916
                                            letter		0.788840
                                       corresponds		0.788444
                                            alphas		0.787642
                                       final_state		0.784219
                                          compound		0.783848
                                        states_nfa		0.783680
                                       transitions		0.781457
                                      construction		0.779188
                                          optional		0.778965
                                          priority		0.777342
                                              sets		0.776440
                                          alphabet		0.776408
                                               yes		0.775037
                                             erase		0.774884
                                regular_expression		0.774795
                                              sign		0.773971
